Debug\GameEngine.pdb
E:\WORK_WORK\LECTURES\CS529\GAMEENGINEV0.40\GAMEENGINE\SOURCE\DEBUG\BODY.OBJ
E:\WORK_WORK\LECTURES\CS529\GAMEENGINEV0.40\GAMEENGINE\SOURCE\DEBUG\CAMERA.OBJ
E:\Work_Work\Lectures\CS529\GameEngineV0.40\GameEngine\Source\Debug\cl.command.1.tlog
E:\Work_Work\Lectures\CS529\GameEngineV0.40\GameEngine\Source\Debug\CL.read.1.tlog
E:\Work_Work\Lectures\CS529\GameEngineV0.40\GameEngine\Source\Debug\CL.write.1.tlog
E:\WORK_WORK\LECTURES\CS529\GAMEENGINEV0.40\GAMEENGINE\SOURCE\DEBUG\COLLISION.OBJ
E:\WORK_WORK\LECTURES\CS529\GAMEENGINEV0.40\GAMEENGINE\SOURCE\DEBUG\COMPOSITION.OBJ
E:\WORK_WORK\LECTURES\CS529\GAMEENGINEV0.40\GAMEENGINE\SOURCE\DEBUG\CORE.OBJ
E:\WORK_WORK\LECTURES\CS529\GAMEENGINEV0.40\GAMEENGINE\SOURCE\DEBUG\DEBUGDRAW.OBJ
E:\WORK_WORK\LECTURES\CS529\GAMEENGINEV0.40\GAMEENGINE\SOURCE\DEBUG\FACTORY.OBJ
E:\WORK_WORK\LECTURES\CS529\GAMEENGINEV0.40\GAMEENGINE\SOURCE\DEBUG\FILEPATH.OBJ
E:\WORK_WORK\LECTURES\CS529\GAMEENGINEV0.40\GAMEENGINE\SOURCE\DEBUG\GAMEENGINE.EXE.EMBED.MANIFEST
E:\WORK_WORK\LECTURES\CS529\GAMEENGINEV0.40\GAMEENGINE\SOURCE\DEBUG\GAMEENGINE.EXE.EMBED.MANIFEST.RES
E:\Work_Work\Lectures\CS529\GameEngineV0.40\GameEngine\Source\Debug\GameEngine.exe.intermediate.manifest
E:\WORK_WORK\LECTURES\CS529\GAMEENGINEV0.40\GAMEENGINE\SOURCE\DEBUG\GAMEENGINE.PCH
E:\Work_Work\Lectures\CS529\GameEngineV0.40\GameEngine\Source\Debug\GameEngine.pdb
E:\Work_Work\Lectures\CS529\GameEngineV0.40\GameEngine\Source\Debug\GameEngine_manifest.rc
E:\WORK_WORK\LECTURES\CS529\GAMEENGINEV0.40\GAMEENGINE\SOURCE\DEBUG\GAMELOGIC.OBJ
E:\WORK_WORK\LECTURES\CS529\GAMEENGINEV0.40\GAMEENGINE\SOURCE\DEBUG\GRAPHICS.OBJ
E:\Work_Work\Lectures\CS529\GameEngineV0.40\GameEngine\Source\Debug\link.4908.read.1.tlog
E:\Work_Work\Lectures\CS529\GameEngineV0.40\GameEngine\Source\Debug\link.4908.write.1.tlog
E:\Work_Work\Lectures\CS529\GameEngineV0.40\GameEngine\Source\Debug\link.4908-cvtres.read.1.tlog
E:\Work_Work\Lectures\CS529\GameEngineV0.40\GameEngine\Source\Debug\link.4908-cvtres.write.1.tlog
E:\Work_Work\Lectures\CS529\GameEngineV0.40\GameEngine\Source\Debug\link.5904.read.1.tlog
E:\Work_Work\Lectures\CS529\GameEngineV0.40\GameEngine\Source\Debug\link.5904.write.1.tlog
E:\Work_Work\Lectures\CS529\GameEngineV0.40\GameEngine\Source\Debug\link.5904-cvtres.read.1.tlog
E:\Work_Work\Lectures\CS529\GameEngineV0.40\GameEngine\Source\Debug\link.5904-cvtres.write.1.tlog
E:\Work_Work\Lectures\CS529\GameEngineV0.40\GameEngine\Source\Debug\link.command.1.tlog
E:\Work_Work\Lectures\CS529\GameEngineV0.40\GameEngine\Source\Debug\link.read.1.tlog
E:\Work_Work\Lectures\CS529\GameEngineV0.40\GameEngine\Source\Debug\link.write.1.tlog
E:\Work_Work\Lectures\CS529\GameEngineV0.40\GameEngine\Source\Debug\link-cvtres.read.1.tlog
E:\Work_Work\Lectures\CS529\GameEngineV0.40\GameEngine\Source\Debug\link-cvtres.write.1.tlog
E:\Work_Work\Lectures\CS529\GameEngineV0.40\GameEngine\Source\Debug\mt.command.1.tlog
E:\Work_Work\Lectures\CS529\GameEngineV0.40\GameEngine\Source\Debug\mt.read.1.tlog
E:\Work_Work\Lectures\CS529\GameEngineV0.40\GameEngine\Source\Debug\mt.write.1.tlog
E:\WORK_WORK\LECTURES\CS529\GAMEENGINEV0.40\GAMEENGINE\SOURCE\DEBUG\PHYSICS.OBJ
E:\WORK_WORK\LECTURES\CS529\GAMEENGINEV0.40\GAMEENGINE\SOURCE\DEBUG\PRECOMPILED.OBJ
E:\Work_Work\Lectures\CS529\GameEngineV0.40\GameEngine\Source\Debug\rc.command.1.tlog
E:\Work_Work\Lectures\CS529\GameEngineV0.40\GameEngine\Source\Debug\rc.read.1.tlog
E:\Work_Work\Lectures\CS529\GameEngineV0.40\GameEngine\Source\Debug\rc.write.1.tlog
E:\WORK_WORK\LECTURES\CS529\GAMEENGINEV0.40\GAMEENGINE\SOURCE\DEBUG\RESOLUTION.OBJ
E:\WORK_WORK\LECTURES\CS529\GAMEENGINEV0.40\GAMEENGINE\SOURCE\DEBUG\SPRITE.OBJ
E:\WORK_WORK\LECTURES\CS529\GAMEENGINEV0.40\GAMEENGINE\SOURCE\DEBUG\TEXTSERIALIZATION.OBJ
E:\WORK_WORK\LECTURES\CS529\GAMEENGINEV0.40\GAMEENGINE\SOURCE\DEBUG\TRANSFORM.OBJ
E:\Work_Work\Lectures\CS529\GameEngineV0.40\GameEngine\Source\Debug\vc100.idb
E:\WORK_WORK\LECTURES\CS529\GAMEENGINEV0.40\GAMEENGINE\SOURCE\DEBUG\VC100.PDB
E:\WORK_WORK\LECTURES\CS529\GAMEENGINEV0.40\GAMEENGINE\SOURCE\DEBUG\WINDOWSSYSTEM.OBJ
E:\WORK_WORK\LECTURES\CS529\GAMEENGINEV0.40\GAMEENGINE\SOURCE\DEBUG\WINMAIN.OBJ
