Build started 12/10/2011 2:53:29 AM.
     1>Project "E:\Work_Work\Lectures\CS529\GameEngineV0.40\GameEngine\Source\GameEngine_2005.vcxproj" on node 2 (build target(s)).
     1>InitializeBuildStatus:
         Creating "Debug\GameEngine.unsuccessfulbuild" because "AlwaysCreate" was specified.
       ClCompile:
         E:\Program Files (x86)\Microsoft Visual Studio 10.0\VC\bin\CL.exe /c /ZI /nologo /W3 /WX- /Od /Oy- /D WIN32 /D _DEBUG /D _WINDOWS /D _VC80_UPGRADE=0x0710 /D _MBCS /Gm /EHsc /RTC1 /MTd /GS /fp:precise /Zc:wchar_t /Zc:forScope /Yc"Precompiled.h" /Fp"Debug\GameEngine.pch" /Fo"Debug\\" /Fd"Debug\vc100.pdb" /Gd /TP /analyze- /errorReport:prompt Precompiled.cpp
         Precompiled.cpp
         E:\Program Files (x86)\Microsoft Visual Studio 10.0\VC\bin\CL.exe /c /ZI /nologo /W3 /WX- /Od /Oy- /D WIN32 /D _DEBUG /D _WINDOWS /D _VC80_UPGRADE=0x0710 /D _MBCS /Gm /EHsc /RTC1 /MTd /GS /fp:precise /Zc:wchar_t /Zc:forScope /Yu"Precompiled.h" /Fp"Debug\GameEngine.pch" /Fo"Debug\\" /Fd"Debug\vc100.pdb" /Gd /TP /analyze- /errorReport:prompt Body.cpp Camera.cpp Collision.cpp Composition.cpp Core.cpp DebugDraw.cpp Factory.cpp FilePath.cpp GameLogic.cpp Graphics.cpp Physics.cpp Resolution.cpp Sprite.cpp TextSerialization.cpp Transform.cpp WinMain.cpp WindowsSystem.cpp
         Skipping... (no relevant changes detected)
         WindowsSystem.cpp
         WinMain.cpp
         Transform.cpp
         TextSerialization.cpp
         Sprite.cpp
         Resolution.cpp
         Physics.cpp
         Graphics.cpp
         GameLogic.cpp
         FilePath.cpp
         Factory.cpp
         DebugDraw.cpp
         Core.cpp
         Composition.cpp
         Collision.cpp
         Camera.cpp
         Body.cpp
       ManifestResourceCompile:
         C:\Program Files (x86)\Microsoft SDKs\Windows\v7.0A\bin\rc.exe /nologo /fo"Debug\GameEngine.exe.embed.manifest.res" Debug\GameEngine_manifest.rc 
       Link:
         E:\Program Files (x86)\Microsoft Visual Studio 10.0\VC\bin\link.exe /ERRORREPORT:PROMPT /OUT:"Debug\GameEngine.exe" /INCREMENTAL /NOLOGO dxerr.lib d3dx9d.lib d3d9.lib winmm.lib kernel32.lib user32.lib gdi32.lib winspool.lib comdlg32.lib advapi32.lib shell32.lib ole32.lib oleaut32.lib uuid.lib odbc32.lib odbccp32.lib /MANIFEST /ManifestFile:"Debug\GameEngine.exe.intermediate.manifest" /MANIFESTUAC:"level='asInvoker' uiAccess='false'" /DEBUG /PDB:"E:\Work_Work\Lectures\CS529\GameEngineV0.40\GameEngine\Source\Debug\GameEngine.pdb" /SUBSYSTEM:WINDOWS /TLBID:1 /DYNAMICBASE:NO /IMPLIB:"Debug\GameEngine.lib" /MACHINE:X86 Debug\GameEngine.exe.embed.manifest.res
         Debug\WinMain.obj
         Debug\Factory.obj
         Debug\DebugDraw.obj
         Debug\Transform.obj
         Debug\Composition.obj
         Debug\Core.obj
         Debug\FilePath.obj
         Debug\TextSerialization.obj
         Debug\GameLogic.obj
         Debug\Camera.obj
         Debug\Sprite.obj
         Debug\Graphics.obj
         Debug\Body.obj
         Debug\Resolution.obj
         Debug\Physics.obj
         Debug\Collision.obj
         Debug\WindowsSystem.obj
         Debug\Precompiled.obj
       Manifest:
         C:\Program Files (x86)\Microsoft SDKs\Windows\v7.0A\bin\mt.exe /nologo /verbose /out:"Debug\GameEngine.exe.embed.manifest" /manifest Debug\GameEngine.exe.intermediate.manifest
         All outputs are up-to-date.
       LinkEmbedManifest:
         All outputs are up-to-date.
         GameEngine_2005.vcxproj -> E:\Work_Work\Lectures\CS529\GameEngineV0.40\GameEngine\Source\Debug\GameEngine.exe
       FinalizeBuildStatus:
         Deleting file "Debug\GameEngine.unsuccessfulbuild".
         Touching "Debug\GameEngine.lastbuildstate".
     1>Done Building Project "E:\Work_Work\Lectures\CS529\GameEngineV0.40\GameEngine\Source\GameEngine_2005.vcxproj" (build target(s)).

Build succeeded.

Time Elapsed 00:00:06.06
